Running Job

Running Job at 08:51:02.198849

Running Job at 08:52:01.946990

Running Job at 08:53:01.697120

Running Job at 08:54:02.432035

Running Job at 08:55:02.155245

Running Job at 08:56:01.900226

Running Job at 08:57:02.644714

Running Job at 08:58:02.382520

Running Job at 08:59:02.125834

Running Job at 09:00:01.871648

Running Job at 09:01:02.605068

Running Job at 09:02:02.340913

Running Job at 09:03:02.083484

Running Job at 09:04:01.989958

Running Job at 09:05:01.778002

Running Job at 11:05:02.232076

Running Job at 12:05:02.139675

Running Job at 13:05:01.958786

Running Job at 14:05:02.596554

Running Job at 16:05:02.801177

Running Job at 17:05:02.587324

Running Job at 18:05:02.562185

Running Job at 19:05:02.461633

Running Job at 20:05:02.263902

Running Job at 21:05:02.192638

Running Job at 04:05:02.600409

Running Job at 05:05:02.477411

Running Job at 06:05:02.160490
Connected to SMTP server successfully.
Email sent to Murli (murli@cipio.ai)
Email sent to Dipshi (dipshi@cipio.ai)
Email sent to Manthan (mjha@cipio.ai)
Email sent to Sushmit (sushmitsatish@gmail.com)
SMTP server connection closed.
Stopped EC2 instance: i-0a7fa50f86821225b

Running Job at 07:05:02.301484

Running Job at 08:05:02.052289

Running Job at 09:05:01.931408

Running Job at 10:05:02.772627
Connected to SMTP server successfully.
Email sent to Murli (murli@cipio.ai)
Email sent to Dipshi (dipshi@cipio.ai)
Email sent to Manthan (mjha@cipio.ai)
Email sent to Sushmit (sushmitsatish@gmail.com)
SMTP server connection closed.
Stopped EC2 instance: i-0a7fa50f86821225b

Running Job at 11:05:02.683438
Connected to SMTP server successfully.
Email sent to Murli (murli@cipio.ai)
Email sent to Dipshi (dipshi@cipio.ai)
Email sent to Manthan (mjha@cipio.ai)
Email sent to Sushmit (sushmitsatish@gmail.com)
SMTP server connection closed.
Stopped EC2 instance: i-0a7fa50f86821225b

Running Job at 12:05:02.488631

